<?xml version="1.0" encoding="UTF-8"?>
<!-- Generated by org.testng.reporters.JUnitReportReporter -->
<testsuite hostname="LAPTOP-GD3BOCG7" failures="0" tests="4" name="testingbaba_test.Links_Test" time="2.053" errors="0" timestamp="2023-11-25T19:07:57 IST" skipped="0">
  <testcase classname="testingbaba_test.Links_Test" name="hit_elements" time="0.403"/>
  <testcase classname="testingbaba_test.Links_Test" name="hit_links" time="0.187"/>
  <testcase classname="testingbaba_test.Links_Test" name="hit_demopage" time="0.141"/>
  <testcase classname="testingbaba_test.Links_Test" name="hit_closebtn" time="1.322"/>
</testsuite> <!-- testingbaba_test.Links_Test -->
