<?xml version="1.0" encoding="UTF-8"?>
<!-- Generated by org.testng.reporters.JUnitReportReporter -->
<testsuite hostname="LAPTOP-GD3BOCG7" failures="0" tests="3" name="testingbaba_test.ProgressBarTest" time="3.423" errors="0" timestamp="2024-01-27T16:03:13 IST" skipped="0">
  <testcase classname="testingbaba_test.ProgressBarTest" name="hitWidgets" time="0.080"/>
  <testcase classname="testingbaba_test.ProgressBarTest" name="clickProgressBar" time="0.152"/>
  <testcase classname="testingbaba_test.ProgressBarTest" name="getProgressBar" time="3.191"/>
</testsuite> <!-- testingbaba_test.ProgressBarTest -->
