<?xml version="1.0" encoding="UTF-8"?>
<!-- Generated by org.testng.reporters.JUnitReportReporter -->
<testsuite hostname="LAPTOP-GD3BOCG7" failures="0" tests="3" name="testingbaba_test.datePickerTest" time="0.628" errors="0" timestamp="2024-01-30T17:27:14 IST" skipped="0">
  <testcase classname="testingbaba_test.datePickerTest" name="hitWidgets" time="0.109"/>
  <testcase classname="testingbaba_test.datePickerTest" name="clickDatePicker" time="0.145"/>
  <testcase classname="testingbaba_test.datePickerTest" name="fillDates" time="0.374"/>
</testsuite> <!-- testingbaba_test.datePickerTest -->
