<?xml version="1.0" encoding="UTF-8"?>
<!-- Generated by org.testng.reporters.JUnitReportReporter -->
<testsuite hostname="LAPTOP-GD3BOCG7" failures="0" tests="6" name="testingbaba_test.Textbox_Test" time="2.069" errors="0" timestamp="2023-10-26T18:07:46 IST" skipped="0">
  <testcase classname="testingbaba_test.Textbox_Test" name="verify_title" time="0.025"/>
  <testcase classname="testingbaba_test.Textbox_Test" name="click_elements" time="0.087"/>
  <testcase classname="testingbaba_test.Textbox_Test" name="click_textbox" time="0.106"/>
  <testcase classname="testingbaba_test.Textbox_Test" name="filldata" time="1.500"/>
  <testcase classname="testingbaba_test.Textbox_Test" name="submitclick" time="0.096"/>
  <testcase classname="testingbaba_test.Textbox_Test" name="getverifydetails" time="0.255"/>
</testsuite> <!-- testingbaba_test.Textbox_Test -->
