<?xml version="1.0" encoding="UTF-8"?>
<!-- Generated by org.testng.reporters.JUnitReportReporter -->
<testsuite hostname="LAPTOP-DBNJDIUQ" failures="0" tests="2" name="testing_test.Upload_Test" time="7.353" errors="0" timestamp="2023-08-14T11:07:36 IST" skipped="0">
  <testcase classname="testing_test.Upload_Test" name="clickonupload" time="2.813"/>
  <system-out/>
  <testcase classname="testing_test.Upload_Test" name="selectfile" time="4.540"/>
  <system-out/>
</testsuite> <!-- testing_test.Upload_Test -->
