<?xml version="1.0" encoding="UTF-8"?>
<!-- Generated by org.testng.reporters.JUnitReportReporter -->
<testsuite hostname="LAPTOP-GD3BOCG7" failures="0" tests="4" name="testingbaba_test.ToolTipsAndTabsTest" time="6.843" errors="0" timestamp="2024-01-27T14:45:07 IST" skipped="0">
  <testcase classname="testingbaba_test.ToolTipsAndTabsTest" name="hitWidgets" time="0.078"/>
  <testcase classname="testingbaba_test.ToolTipsAndTabsTest" name="clickToolTips" time="0.200"/>
  <testcase classname="testingbaba_test.ToolTipsAndTabsTest" name="getToolTips" time="0.378"/>
  <testcase classname="testingbaba_test.ToolTipsAndTabsTest" name="clickTabs" time="6.187"/>
</testsuite> <!-- testingbaba_test.ToolTipsAndTabsTest -->
