<?xml version="1.0" encoding="UTF-8"?>
<!-- Generated by org.testng.reporters.JUnitReportReporter -->
<testsuite hostname="LAPTOP-DBNJDIUQ" failures="0" tests="3" name="testing_test.DropDown_Test" time="4.279" errors="0" timestamp="2023-08-14T11:07:36 IST" skipped="0">
  <testcase classname="testing_test.DropDown_Test" name="selectDataByDropDownList" time="3.145"/>
  <system-out/>
  <testcase classname="testing_test.DropDown_Test" name="dataSelectByMultiOption" time="0.414"/>
  <system-out/>
  <testcase classname="testing_test.DropDown_Test" name="quitDriver" time="0.720"/>
  <system-out/>
</testsuite> <!-- testing_test.DropDown_Test -->
