<?xml version="1.0" encoding="UTF-8"?>
<!-- Generated by org.testng.reporters.JUnitReportReporter -->
<testsuite hostname="LAPTOP-GD3BOCG7" failures="0" tests="3" name="testingbaba_test.MenuTest" time="7.127" errors="0" timestamp="2024-01-27T12:42:50 IST" skipped="0">
  <testcase classname="testingbaba_test.MenuTest" name="hitWidgets" time="0.139"/>
  <testcase classname="testingbaba_test.MenuTest" name="clickMenu" time="0.232"/>
  <testcase classname="testingbaba_test.MenuTest" name="mouseHoverAndClick" time="6.756"/>
</testsuite> <!-- testingbaba_test.MenuTest -->
