<?xml version="1.0" encoding="UTF-8"?>
<!-- Generated by org.testng.reporters.JUnitReportReporter -->
<testsuite hostname="LAPTOP-GD3BOCG7" failures="0" tests="5" name="testingbaba_test.BrowserWindowsTest" time="7.486" errors="0" timestamp="2024-01-20T16:35:25 IST" skipped="0">
  <testcase classname="testingbaba_test.BrowserWindowsTest" name="hitAlertsFrame" time="0.145"/>
  <testcase classname="testingbaba_test.BrowserWindowsTest" name="hitBrowserWindows" time="0.109"/>
  <testcase classname="testingbaba_test.BrowserWindowsTest" name="hitNewTab" time="3.262"/>
  <testcase classname="testingbaba_test.BrowserWindowsTest" name="hitNewWindow" time="3.593"/>
  <testcase classname="testingbaba_test.BrowserWindowsTest" name="hitNewWindowMessage" time="0.377"/>
</testsuite> <!-- testingbaba_test.BrowserWindowsTest -->
