<?xml version="1.0" encoding="UTF-8"?>
<!-- Generated by org.testng.reporters.JUnitReportReporter -->
<testsuite hostname="LAPTOP-GD3BOCG7" failures="0" tests="3" name="testingbaba_test.CheckBox_Test" time="1.070" errors="0" timestamp="2023-11-04T19:39:16 IST" skipped="0">
  <testcase classname="testingbaba_test.CheckBox_Test" name="click_elements" time="0.120"/>
  <testcase classname="testingbaba_test.CheckBox_Test" name="click_checkbox" time="0.137"/>
  <testcase classname="testingbaba_test.CheckBox_Test" name="click_MobileLaptopDesktop" time="0.813"/>
</testsuite> <!-- testingbaba_test.CheckBox_Test -->
