<?xml version="1.0" encoding="UTF-8"?>
<!-- Generated by org.testng.reporters.JUnitReportReporter -->
<testsuite hostname="LAPTOP-GD3BOCG7" failures="0" tests="6" name="testingbaba_test.AlertsTest" time="6.245" errors="0" timestamp="2024-01-19T22:09:46 IST" skipped="0">
  <testcase classname="testingbaba_test.AlertsTest" name="hitAlertsFrame" time="0.160"/>
  <testcase classname="testingbaba_test.AlertsTest" name="hitClickAlerts" time="0.101"/>
  <testcase classname="testingbaba_test.AlertsTest" name="hitAlerts1" time="0.120"/>
  <testcase classname="testingbaba_test.AlertsTest" name="hitAlerts2" time="5.296"/>
  <testcase classname="testingbaba_test.AlertsTest" name="hitAlerts3" time="0.291"/>
  <testcase classname="testingbaba_test.AlertsTest" name="hitAlerts4" time="0.277"/>
</testsuite> <!-- testingbaba_test.AlertsTest -->
