<?xml version="1.0" encoding="UTF-8"?>
<!-- Generated by org.testng.reporters.JUnitReportReporter -->
<testsuite hostname="LAPTOP-GD3BOCG7" failures="0" tests="1" name="testingbaba_test.CrossBrowserTestingTest" time="4.236" errors="0" timestamp="2024-02-03T17:08:42 IST" skipped="0">
  <testcase classname="testingbaba_test.CrossBrowserTestingTest" name="demo" time="4.236"/>
</testsuite> <!-- testingbaba_test.CrossBrowserTestingTest -->
