<?xml version="1.0" encoding="UTF-8"?>
<!-- Generated by org.testng.reporters.JUnitReportReporter -->
<testsuite hostname="LAPTOP-DBNJDIUQ" failures="0" tests="4" name="testing_test.TextBox_test" time="1.182" errors="0" timestamp="2023-08-14T11:07:36 IST" skipped="0">
  <testcase classname="testing_test.TextBox_test" name="clickonelements" time="0.065"/>
  <system-out/>
  <testcase classname="testing_test.TextBox_test" name="clicktextbox" time="0.164"/>
  <system-out/>
  <testcase classname="testing_test.TextBox_test" name="tc01" time="0.640"/>
  <system-out/>
  <testcase classname="testing_test.TextBox_test" name="getverify" time="0.313"/>
  <system-out/>
</testsuite> <!-- testing_test.TextBox_test -->
