<?xml version="1.0" encoding="UTF-8"?>
<!-- Generated by org.testng.reporters.JUnitReportReporter -->
<testsuite hostname="LAPTOP-DBNJDIUQ" failures="0" tests="4" name="testing_test.Buttons_Test" time="6.758" errors="0" timestamp="2023-08-14T11:07:36 IST" skipped="0">
  <testcase classname="testing_test.Buttons_Test" name="clickonButtons" time="2.247"/>
  <system-out/>
  <testcase classname="testing_test.Buttons_Test" name="rightclick" time="2.173"/>
  <system-out/>
  <testcase classname="testing_test.Buttons_Test" name="onlyclick" time="2.259"/>
  <system-out/>
  <testcase classname="testing_test.Buttons_Test" name="verifyButtons" time="0.079"/>
  <system-out/>
</testsuite> <!-- testing_test.Buttons_Test -->
