<?xml version="1.0" encoding="UTF-8"?>
<!-- Generated by org.testng.reporters.JUnitReportReporter -->
<testsuite hostname="LAPTOP-GD3BOCG7" failures="0" tests="6" name="testingbaba_test.TextboxTest" time="2.321" errors="0" timestamp="2024-05-01T17:18:14 IST" skipped="0">
  <testcase classname="testingbaba_test.TextboxTest" name="verify_title" time="0.016"/>
  <testcase classname="testingbaba_test.TextboxTest" name="click_elements" time="0.072"/>
  <testcase classname="testingbaba_test.TextboxTest" name="click_textbox" time="0.088"/>
  <testcase classname="testingbaba_test.TextboxTest" name="filldata" time="1.793"/>
  <testcase classname="testingbaba_test.TextboxTest" name="submitclick" time="0.070"/>
  <testcase classname="testingbaba_test.TextboxTest" name="getverifydetails" time="0.282"/>
</testsuite> <!-- testingbaba_test.TextboxTest -->
