<?xml version="1.0" encoding="UTF-8"?>
<!-- Generated by org.testng.reporters.JUnitReportReporter -->
<testsuite hostname="LAPTOP-GD3BOCG7" failures="0" tests="2" name="testing_test.task2test" time="22.749" errors="0" timestamp="2024-05-02T13:07:50 IST" skipped="0">
  <testcase classname="testing_test.task2test" name="getlaunch" time="10.754"/>
  <testcase classname="testing_test.task2test" name="task2" time="11.995"/>
</testsuite> <!-- testing_test.task2test -->
