<?xml version="1.0" encoding="UTF-8"?>
<!-- Generated by org.testng.reporters.JUnitReportReporter -->
<testsuite hostname="LAPTOP-GD3BOCG7" failures="0" tests="3" name="testingbaba_test.FramesTest" time="0.467" errors="0" timestamp="2024-01-20T12:20:45 IST" skipped="0">
  <testcase classname="testingbaba_test.FramesTest" name="hitAlertsFrame" time="0.075"/>
  <testcase classname="testingbaba_test.FramesTest" name="hitFrames" time="0.331"/>
  <testcase classname="testingbaba_test.FramesTest" name="hitNestedFrames" time="0.061"/>
</testsuite> <!-- testingbaba_test.FramesTest -->
