<?xml version="1.0" encoding="UTF-8"?>
<!-- Generated by org.testng.reporters.JUnitReportReporter -->
<testsuite hostname="LAPTOP-DBNJDIUQ" failures="0" tests="5" name="testing_test.CheckBox_Test" time="2.211" errors="0" timestamp="2023-08-14T11:07:36 IST" skipped="0">
  <testcase classname="testing_test.CheckBox_Test" name="clickonCheckBox" time="0.087"/>
  <system-out/>
  <testcase classname="testing_test.CheckBox_Test" name="clickonMobile" time="0.798"/>
  <system-out/>
  <testcase classname="testing_test.CheckBox_Test" name="clickonLaptop" time="0.247"/>
  <system-out/>
  <testcase classname="testing_test.CheckBox_Test" name="clickonDesktop" time="0.267"/>
  <system-out/>
  <testcase classname="testing_test.CheckBox_Test" name="clickonRadioBtn" time="0.812"/>
  <system-out/>
</testsuite> <!-- testing_test.CheckBox_Test -->
