<?xml version="1.0" encoding="UTF-8"?>
<!-- Generated by org.testng.reporters.JUnitReportReporter -->
<testsuite hostname="LAPTOP-GD3BOCG7" failures="0" tests="3" name="testingbaba_test.AutoCompleteTest" time="2.555" errors="0" timestamp="2024-01-28T14:11:59 IST" skipped="0">
  <testcase classname="testingbaba_test.AutoCompleteTest" name="hitWidgets" time="0.071"/>
  <testcase classname="testingbaba_test.AutoCompleteTest" name="clickAutoComplete" time="0.102"/>
  <testcase classname="testingbaba_test.AutoCompleteTest" name="fillAutoComplete" time="2.382"/>
</testsuite> <!-- testingbaba_test.AutoCompleteTest -->
