<?xml version="1.0" encoding="UTF-8"?>
<!-- Generated by org.testng.reporters.JUnitReportReporter -->
<testsuite hostname="LAPTOP-GD3BOCG7" failures="0" tests="4" name="testingbaba_test.ToolTipsTest" time="6.864" errors="0" timestamp="2024-01-27T14:35:58 IST" skipped="0">
  <testcase classname="testingbaba_test.ToolTipsTest" name="hitWidgets" time="0.071"/>
  <testcase classname="testingbaba_test.ToolTipsTest" name="clickToolTips" time="0.201"/>
  <testcase classname="testingbaba_test.ToolTipsTest" name="getToolTips" time="0.404"/>
  <testcase classname="testingbaba_test.ToolTipsTest" name="clickTabs" time="6.188"/>
</testsuite> <!-- testingbaba_test.ToolTipsTest -->
