<?xml version="1.0" encoding="UTF-8"?>
<!-- Generated by org.testng.reporters.JUnitReportReporter -->
<testsuite hostname="LAPTOP-GD3BOCG7" failures="0" tests="6" name="testingbaba_test.SelectMenuTest" time="1.625" errors="0" timestamp="2024-01-27T12:42:50 IST" skipped="0">
  <testcase classname="testingbaba_test.SelectMenuTest" name="hitWidgets" time="0.111"/>
  <testcase classname="testingbaba_test.SelectMenuTest" name="hitSelectMenu" time="0.265"/>
  <testcase classname="testingbaba_test.SelectMenuTest" name="selectByValueDropdown" time="0.374"/>
  <testcase classname="testingbaba_test.SelectMenuTest" name="selectOneDropdown" time="0.176"/>
  <testcase classname="testingbaba_test.SelectMenuTest" name="oldSelectMenu" time="0.150"/>
  <testcase classname="testingbaba_test.SelectMenuTest" name="multiSelectMenu" time="0.549"/>
</testsuite> <!-- testingbaba_test.SelectMenuTest -->
