<?xml version="1.0" encoding="UTF-8"?>
<!-- Generated by org.testng.reporters.JUnitReportReporter -->
<testsuite hostname="LAPTOP-DBNJDIUQ" failures="0" tests="3" name="testing_test.WebTables_Test" time="2.344" errors="0" timestamp="2023-08-14T11:07:36 IST" skipped="0">
  <testcase classname="testing_test.WebTables_Test" name="clickOnWeb" time="1.180"/>
  <system-out/>
  <testcase classname="testing_test.WebTables_Test" name="getvalidate" time="0.169"/>
  <system-out/>
  <testcase classname="testing_test.WebTables_Test" name="updateData" time="0.995"/>
  <system-out/>
</testsuite> <!-- testing_test.WebTables_Test -->
