<?xml version="1.0" encoding="UTF-8"?>
<!-- Generated by org.testng.reporters.JUnitReportReporter -->
<testsuite hostname="LAPTOP-GD3BOCG7" failures="0" tests="3" name="testingbaba_test.AutoComplete_AccordionTest" time="2.670" errors="0" timestamp="2024-04-19T17:18:57 IST" skipped="0">
  <testcase classname="testingbaba_test.AutoComplete_AccordionTest" name="hitWidgets" time="0.100"/>
  <testcase classname="testingbaba_test.AutoComplete_AccordionTest" name="clickAutoComplete" time="0.108"/>
  <testcase classname="testingbaba_test.AutoComplete_AccordionTest" name="fillAutoComplete" time="2.462"/>
</testsuite> <!-- testingbaba_test.AutoComplete_AccordionTest -->
