<?xml version="1.0" encoding="UTF-8"?>
<!-- Generated by org.testng.reporters.JUnitReportReporter -->
<testsuite hostname="LAPTOP-GD3BOCG7" failures="0" tests="4" name="testingbaba_test.FileUploading_Test" time="3.652" errors="0" timestamp="2023-11-03T17:37:29 IST" skipped="0">
  <testcase classname="testingbaba_test.FileUploading_Test" name="hit_elements" time="0.159"/>
  <testcase classname="testingbaba_test.FileUploading_Test" name="hit_upload" time="3.104"/>
  <testcase classname="testingbaba_test.FileUploading_Test" name="hit_select" time="0.180"/>
  <testcase classname="testingbaba_test.FileUploading_Test" name="hit_fileupload" time="0.209"/>
</testsuite> <!-- testingbaba_test.FileUploading_Test -->
